"2021/8/29 下午11:07:51  do_thing  No_SonComp  undefined"
"2021/8/29 下午11:10:36  do_thing  No_SonComp  记下一条log"
"2021/8/29 下午11:10:56  do_thing  No_SonComp  "
"2021/8/29 下午11:14:38  do_thing  No_SonComp  记下一条log"
"2021/8/29 下午11:16:23  do_thing  No_SonComp  "
"2021/8/29 下午11:16:39  do_thing  No_SonComp  undefined"
"2021/8/29 下午11:18:11  do_thing  No_SonComp  默认log记录"
"2021/8/29 下午11:18:37  do_thing  No_SonComp  默认log记录"
"2021/8/29 下午11:18:55  do_thing  No_SonComp  默认log记录"
"2021/8/29 下午11:19:12  do_thing  子模块测试  "
"2021/8/29 下午11:20:23  do_thing  子模块测试  默认log记录"
"2021/8/29 下午11:20:38  do_thing  No_SonComp  默认log记录"
"2021/8/29 下午11:27:13  do_thing  子模块测试  默认msg"
"2021/8/29 下午11:27:29  默认parentsComp  默认sonsComp  默认msg"
"2021/8/29 下午11:27:53  ,  ,  ,"
"2021/8/29 下午11:32:02  默认parentsComp  默认sonsComp  默认msg"
"2021/8/29 下午11:50:48  默认parentsComp  默认sonsComp  默认msg"
"2021/8/29 下午11:52:27  默认parentsComp  默认sonsComp  默认msg"
"2021/8/29 下午11:56:04  默认parentsComp  默认sonsComp  默认msg"
"2021/8/29 下午11:57:01  默认parentsComp  默认sonsComp  默认msg"
"2021/8/29 下午11:57:36  默认parentsComp  默认sonsComp  默认msg"
"2021/8/29 下午11:59:06  默认parentsComp  默认sonsComp  默认msg"
"2021/8/30 上午12:03:49  默认parentsComp  默认sonsComp  默认msg"
"2021/8/30 上午12:04:43  默认parentsComp  默认sonsComp  默认msg"
"2021/8/30 上午12:04:49  默认parentsComp  默认sonsComp  默认msg"
"2021/8/30 上午12:05:06  默认parentsComp  默认sonsComp  默认msg"
"2021/8/30 上午12:05:44  默认parentsComp  默认sonsComp  默认msg"
"2021/8/30 上午12:06:23  Object  默认sonsComp  默认msg"
"2021/8/30 上午12:11:47  do_thing  默认sonsComp  默认msg"
"2021/8/30 下午11:18:08  do_thing  默认sonsComp  默认msg"
"2021/8/30 下午11:27:35  click  默认sonsComp  默认msg"
"2021/8/30 下午11:55:09  click  默认sonsComp  默认msg"
"2021/8/30 下午11:59:11  click  默认sonsComp  默认msg"
"2021/8/31 上午12:03:07  click  默认sonsComp  默认msg"
"2021/9/1 上午12:33:55  parent  son  msg"
"2021/9/1 上午12:34:33  parent  son  msg"
"2021/9/1 上午12:34:47  parent  son  msg"
"2021/9/1 上午12:35:25  parent  son  msg"
"2021/9/1 上午12:39:31  parent  son  msg"
